<?xml version="1.0" encoding="UTF-8"?>
<!-- Generated by org.testng.reporters.JUnitXMLReporter -->
<testsuite hostname="GLMSX52" name="Surefire test" tests="12" failures="0" timestamp="7 May 2019 15:02:04 GMT" time="374.308" errors="0">
  <testcase name="verifyContactsPageLabel" time="0.067" classname="com.crm.qa.testcases.ContactsPageTest"/>
  <testcase name="selectSingleContactsTest" time="0.125" classname="com.crm.qa.testcases.ContactsPageTest"/>
  <testcase name="selectMultipleContactsTest" time="0.235" classname="com.crm.qa.testcases.ContactsPageTest"/>
  <testcase name="validateCreateNewContact" time="7.664" classname="com.crm.qa.testcases.ContactsPageTest"/>
  <testcase name="validateCreateNewContact" time="5.685" classname="com.crm.qa.testcases.ContactsPageTest"/>
  <testcase name="validateCreateNewContact" time="5.793" classname="com.crm.qa.testcases.ContactsPageTest"/>
  <testcase name="verifyHomePageTitleTest" time="0.035" classname="com.crm.qa.testcases.HomePageTest"/>
  <testcase name="verifyUserNameTest" time="0.127" classname="com.crm.qa.testcases.HomePageTest"/>
  <testcase name="verifyContactsLinkTest" time="2.127" classname="com.crm.qa.testcases.HomePageTest"/>
  <testcase name="loginPageTitleTest" time="0.008" classname="com.crm.qa.testcases.LoginPageTest"/>
  <testcase name="crmLogoImageTest" time="0.055" classname="com.crm.qa.testcases.LoginPageTest"/>
  <testcase name="loginTest" time="7.349" classname="com.crm.qa.testcases.LoginPageTest"/>
</testsuite> <!-- Surefire test -->
