<?xml version="1.0" encoding="UTF-8"?>
<!-- Generated by org.testng.reporters.JUnitXMLReporter -->
<testsuite hostname="GLMSX52" name="Default test" tests="3" failures="0" timestamp="7 May 2019 14:19:33 GMT" time="98.542" errors="0">
  <testcase name="verifyHomePageTitleTest" time="0.043" classname="com.crm.qa.testcases.HomePageTest"/>
  <testcase name="verifyUserNameTest" time="0.443" classname="com.crm.qa.testcases.HomePageTest"/>
  <testcase name="verifyContactsLinkTest" time="3.132" classname="com.crm.qa.testcases.HomePageTest"/>
</testsuite> <!-- Default test -->
