<?xml version="1.0" encoding="UTF-8"?>
<testng-results skipped="0" failed="0" total="12" passed="12">
  <reporter-output>
  </reporter-output>
  <suite name="Surefire suite" duration-ms="374308" started-at="2019-05-07T14:55:50Z" finished-at="2019-05-07T15:02:04Z">
    <groups>
    </groups>
    <test name="Surefire test" duration-ms="374308" started-at="2019-05-07T14:55:50Z" finished-at="2019-05-07T15:02:04Z">
      <class name="com.crm.qa.testcases.HomePageTest">
        <test-method status="PASS" signature="setUp()[pri:0, instance:com.crm.qa.testcases.HomePageTest@6615435c]" name="setUp" is-config="true" duration-ms="36294" started-at="2019-05-07T20:29:02Z" finished-at="2019-05-07T20:29:38Z">
          <reporter-output>
          </reporter-output>
        </test-method> <!-- setUp -->
        <test-method status="PASS" signature="verifyHomePageTitleTest()[pri:0, instance:com.crm.qa.testcases.HomePageTest@6615435c]" name="verifyHomePageTitleTest" duration-ms="35" started-at="2019-05-07T20:29:38Z" finished-at="2019-05-07T20:29:38Z">
          <reporter-output>
          </reporter-output>
        </test-method> <!-- verifyHomePageTitleTest -->
        <test-method status="PASS" signature="tearDown()[pri:0, instance:com.crm.qa.testcases.HomePageTest@6615435c]" name="tearDown" is-config="true" duration-ms="1872" started-at="2019-05-07T20:29:38Z" finished-at="2019-05-07T20:29:40Z">
          <reporter-output>
          </reporter-output>
        </test-method> <!-- tearDown -->
        <test-method status="PASS" signature="setUp()[pri:0, instance:com.crm.qa.testcases.HomePageTest@6615435c]" name="setUp" is-config="true" duration-ms="35878" started-at="2019-05-07T20:29:40Z" finished-at="2019-05-07T20:30:16Z">
          <reporter-output>
          </reporter-output>
        </test-method> <!-- setUp -->
        <test-method status="PASS" signature="verifyUserNameTest()[pri:0, instance:com.crm.qa.testcases.HomePageTest@6615435c]" name="verifyUserNameTest" duration-ms="127" started-at="2019-05-07T20:30:16Z" finished-at="2019-05-07T20:30:16Z">
          <reporter-output>
          </reporter-output>
        </test-method> <!-- verifyUserNameTest -->
        <test-method status="PASS" signature="tearDown()[pri:0, instance:com.crm.qa.testcases.HomePageTest@6615435c]" name="tearDown" is-config="true" duration-ms="945" started-at="2019-05-07T20:30:16Z" finished-at="2019-05-07T20:30:17Z">
          <reporter-output>
          </reporter-output>
        </test-method> <!-- tearDown -->
        <test-method status="PASS" signature="setUp()[pri:0, instance:com.crm.qa.testcases.HomePageTest@6615435c]" name="setUp" is-config="true" duration-ms="24825" started-at="2019-05-07T20:30:17Z" finished-at="2019-05-07T20:30:42Z">
          <reporter-output>
          </reporter-output>
        </test-method> <!-- setUp -->
        <test-method status="PASS" signature="verifyContactsLinkTest()[pri:0, instance:com.crm.qa.testcases.HomePageTest@6615435c]" name="verifyContactsLinkTest" duration-ms="2127" started-at="2019-05-07T20:30:42Z" finished-at="2019-05-07T20:30:44Z">
          <reporter-output>
          </reporter-output>
        </test-method> <!-- verifyContactsLinkTest -->
        <test-method status="PASS" signature="tearDown()[pri:0, instance:com.crm.qa.testcases.HomePageTest@6615435c]" name="tearDown" is-config="true" duration-ms="1465" started-at="2019-05-07T20:30:44Z" finished-at="2019-05-07T20:30:45Z">
          <reporter-output>
          </reporter-output>
        </test-method> <!-- tearDown -->
      </class> <!-- com.crm.qa.testcases.HomePageTest -->
      <class name="com.crm.qa.testcases.ContactsPageTest">
        <test-method status="PASS" signature="setUp()[pri:0, instance:com.crm.qa.testcases.ContactsPageTest@52af6cff]" name="setUp" is-config="true" duration-ms="34434" started-at="2019-05-07T20:25:50Z" finished-at="2019-05-07T20:26:24Z">
          <reporter-output>
          </reporter-output>
        </test-method> <!-- setUp -->
        <test-method status="PASS" signature="verifyContactsPageLabel()[pri:0, instance:com.crm.qa.testcases.ContactsPageTest@52af6cff]" name="verifyContactsPageLabel" duration-ms="67" started-at="2019-05-07T20:26:24Z" finished-at="2019-05-07T20:26:24Z">
          <reporter-output>
          </reporter-output>
        </test-method> <!-- verifyContactsPageLabel -->
        <test-method status="PASS" signature="tearDown()[pri:0, instance:com.crm.qa.testcases.ContactsPageTest@52af6cff]" name="tearDown" is-config="true" duration-ms="1444" started-at="2019-05-07T20:26:24Z" finished-at="2019-05-07T20:26:26Z">
          <reporter-output>
          </reporter-output>
        </test-method> <!-- tearDown -->
        <test-method status="PASS" signature="setUp()[pri:0, instance:com.crm.qa.testcases.ContactsPageTest@52af6cff]" name="setUp" is-config="true" duration-ms="23630" started-at="2019-05-07T20:26:26Z" finished-at="2019-05-07T20:26:50Z">
          <reporter-output>
          </reporter-output>
        </test-method> <!-- setUp -->
        <test-method status="PASS" signature="selectSingleContactsTest()[pri:0, instance:com.crm.qa.testcases.ContactsPageTest@52af6cff]" name="selectSingleContactsTest" duration-ms="125" started-at="2019-05-07T20:26:50Z" finished-at="2019-05-07T20:26:50Z">
          <reporter-output>
          </reporter-output>
        </test-method> <!-- selectSingleContactsTest -->
        <test-method status="PASS" signature="tearDown()[pri:0, instance:com.crm.qa.testcases.ContactsPageTest@52af6cff]" name="tearDown" is-config="true" duration-ms="842" started-at="2019-05-07T20:26:50Z" finished-at="2019-05-07T20:26:50Z">
          <reporter-output>
          </reporter-output>
        </test-method> <!-- tearDown -->
        <test-method status="PASS" signature="setUp()[pri:0, instance:com.crm.qa.testcases.ContactsPageTest@52af6cff]" name="setUp" is-config="true" duration-ms="23989" started-at="2019-05-07T20:26:50Z" finished-at="2019-05-07T20:27:14Z">
          <reporter-output>
          </reporter-output>
        </test-method> <!-- setUp -->
        <test-method status="PASS" signature="selectMultipleContactsTest()[pri:0, instance:com.crm.qa.testcases.ContactsPageTest@52af6cff]" name="selectMultipleContactsTest" duration-ms="235" started-at="2019-05-07T20:27:14Z" finished-at="2019-05-07T20:27:15Z">
          <reporter-output>
          </reporter-output>
        </test-method> <!-- selectMultipleContactsTest -->
        <test-method status="PASS" signature="tearDown()[pri:0, instance:com.crm.qa.testcases.ContactsPageTest@52af6cff]" name="tearDown" is-config="true" duration-ms="1306" started-at="2019-05-07T20:27:15Z" finished-at="2019-05-07T20:27:16Z">
          <reporter-output>
          </reporter-output>
        </test-method> <!-- tearDown -->
        <test-method status="PASS" signature="setUp()[pri:0, instance:com.crm.qa.testcases.ContactsPageTest@52af6cff]" name="setUp" is-config="true" duration-ms="24644" started-at="2019-05-07T20:27:17Z" finished-at="2019-05-07T20:27:42Z">
          <reporter-output>
          </reporter-output>
        </test-method> <!-- setUp -->
        <test-method status="PASS" signature="validateCreateNewContact(java.lang.String, java.lang.String, java.lang.String, java.lang.String)[pri:0, instance:com.crm.qa.testcases.ContactsPageTest@52af6cff]" name="validateCreateNewContact" duration-ms="7664" started-at="2019-05-07T20:27:42Z" data-provider="getCRMTestData" finished-at="2019-05-07T20:27:49Z">
          <params>
            <param index="0">
              <value>
                <![CDATA[Mr.]]>
              </value>
            </param>
            <param index="1">
              <value>
                <![CDATA[Tom]]>
              </value>
            </param>
            <param index="2">
              <value>
                <![CDATA[Peter]]>
              </value>
            </param>
            <param index="3">
              <value>
                <![CDATA[Google]]>
              </value>
            </param>
          </params>
          <reporter-output>
          </reporter-output>
        </test-method> <!-- validateCreateNewContact -->
        <test-method status="PASS" signature="tearDown()[pri:0, instance:com.crm.qa.testcases.ContactsPageTest@52af6cff]" name="tearDown" is-config="true" duration-ms="1743" started-at="2019-05-07T20:27:49Z" finished-at="2019-05-07T20:27:51Z">
          <reporter-output>
          </reporter-output>
        </test-method> <!-- tearDown -->
        <test-method status="PASS" signature="setUp()[pri:0, instance:com.crm.qa.testcases.ContactsPageTest@52af6cff]" name="setUp" is-config="true" duration-ms="27512" started-at="2019-05-07T20:27:51Z" finished-at="2019-05-07T20:28:19Z">
          <reporter-output>
          </reporter-output>
        </test-method> <!-- setUp -->
        <test-method status="PASS" signature="validateCreateNewContact(java.lang.String, java.lang.String, java.lang.String, java.lang.String)[pri:0, instance:com.crm.qa.testcases.ContactsPageTest@52af6cff]" name="validateCreateNewContact" duration-ms="5685" started-at="2019-05-07T20:28:19Z" data-provider="getCRMTestData" finished-at="2019-05-07T20:28:24Z">
          <params>
            <param index="0">
              <value>
                <![CDATA[Dr.]]>
              </value>
            </param>
            <param index="1">
              <value>
                <![CDATA[David]]>
              </value>
            </param>
            <param index="2">
              <value>
                <![CDATA[Cris]]>
              </value>
            </param>
            <param index="3">
              <value>
                <![CDATA[Amazon]]>
              </value>
            </param>
          </params>
          <reporter-output>
          </reporter-output>
        </test-method> <!-- validateCreateNewContact -->
        <test-method status="PASS" signature="tearDown()[pri:0, instance:com.crm.qa.testcases.ContactsPageTest@52af6cff]" name="tearDown" is-config="true" duration-ms="1253" started-at="2019-05-07T20:28:24Z" finished-at="2019-05-07T20:28:26Z">
          <reporter-output>
          </reporter-output>
        </test-method> <!-- tearDown -->
        <test-method status="PASS" signature="setUp()[pri:0, instance:com.crm.qa.testcases.ContactsPageTest@52af6cff]" name="setUp" is-config="true" duration-ms="28873" started-at="2019-05-07T20:28:26Z" finished-at="2019-05-07T20:28:54Z">
          <reporter-output>
          </reporter-output>
        </test-method> <!-- setUp -->
        <test-method status="PASS" signature="validateCreateNewContact(java.lang.String, java.lang.String, java.lang.String, java.lang.String)[pri:0, instance:com.crm.qa.testcases.ContactsPageTest@52af6cff]" name="validateCreateNewContact" duration-ms="5793" started-at="2019-05-07T20:28:54Z" data-provider="getCRMTestData" finished-at="2019-05-07T20:29:00Z">
          <params>
            <param index="0">
              <value>
                <![CDATA[Mrs.]]>
              </value>
            </param>
            <param index="1">
              <value>
                <![CDATA[Mukta]]>
              </value>
            </param>
            <param index="2">
              <value>
                <![CDATA[Sharma]]>
              </value>
            </param>
            <param index="3">
              <value>
                <![CDATA[Ebay]]>
              </value>
            </param>
          </params>
          <reporter-output>
          </reporter-output>
        </test-method> <!-- validateCreateNewContact -->
        <test-method status="PASS" signature="tearDown()[pri:0, instance:com.crm.qa.testcases.ContactsPageTest@52af6cff]" name="tearDown" is-config="true" duration-ms="1596" started-at="2019-05-07T20:29:00Z" finished-at="2019-05-07T20:29:02Z">
          <reporter-output>
          </reporter-output>
        </test-method> <!-- tearDown -->
      </class> <!-- com.crm.qa.testcases.ContactsPageTest -->
      <class name="com.crm.qa.testcases.LoginPageTest">
        <test-method status="PASS" signature="setUp()[pri:0, instance:com.crm.qa.testcases.LoginPageTest@531be3c5]" name="setUp" is-config="true" duration-ms="30203" started-at="2019-05-07T20:30:45Z" finished-at="2019-05-07T20:31:16Z">
          <reporter-output>
          </reporter-output>
        </test-method> <!-- setUp -->
        <test-method status="PASS" signature="loginPageTitleTest()[pri:0, instance:com.crm.qa.testcases.LoginPageTest@531be3c5]" name="loginPageTitleTest" duration-ms="8" started-at="2019-05-07T20:31:16Z" finished-at="2019-05-07T20:31:16Z">
          <reporter-output>
          </reporter-output>
        </test-method> <!-- loginPageTitleTest -->
        <test-method status="PASS" signature="tearDown()[pri:0, instance:com.crm.qa.testcases.LoginPageTest@531be3c5]" name="tearDown" is-config="true" duration-ms="1474" started-at="2019-05-07T20:31:16Z" finished-at="2019-05-07T20:31:17Z">
          <reporter-output>
          </reporter-output>
        </test-method> <!-- tearDown -->
        <test-method status="PASS" signature="setUp()[pri:0, instance:com.crm.qa.testcases.LoginPageTest@531be3c5]" name="setUp" is-config="true" duration-ms="19687" started-at="2019-05-07T20:31:17Z" finished-at="2019-05-07T20:31:37Z">
          <reporter-output>
          </reporter-output>
        </test-method> <!-- setUp -->
        <test-method status="PASS" signature="crmLogoImageTest()[pri:0, instance:com.crm.qa.testcases.LoginPageTest@531be3c5]" name="crmLogoImageTest" duration-ms="55" started-at="2019-05-07T20:31:37Z" finished-at="2019-05-07T20:31:37Z">
          <reporter-output>
          </reporter-output>
        </test-method> <!-- crmLogoImageTest -->
        <test-method status="PASS" signature="tearDown()[pri:0, instance:com.crm.qa.testcases.LoginPageTest@531be3c5]" name="tearDown" is-config="true" duration-ms="804" started-at="2019-05-07T20:31:37Z" finished-at="2019-05-07T20:31:38Z">
          <reporter-output>
          </reporter-output>
        </test-method> <!-- tearDown -->
        <test-method status="PASS" signature="setUp()[pri:0, instance:com.crm.qa.testcases.LoginPageTest@531be3c5]" name="setUp" is-config="true" duration-ms="17882" started-at="2019-05-07T20:31:38Z" finished-at="2019-05-07T20:31:56Z">
          <reporter-output>
          </reporter-output>
        </test-method> <!-- setUp -->
        <test-method status="PASS" signature="loginTest()[pri:0, instance:com.crm.qa.testcases.LoginPageTest@531be3c5]" name="loginTest" duration-ms="7349" started-at="2019-05-07T20:31:56Z" finished-at="2019-05-07T20:32:03Z">
          <reporter-output>
          </reporter-output>
        </test-method> <!-- loginTest -->
        <test-method status="PASS" signature="tearDown()[pri:0, instance:com.crm.qa.testcases.LoginPageTest@531be3c5]" name="tearDown" is-config="true" duration-ms="1382" started-at="2019-05-07T20:32:03Z" finished-at="2019-05-07T20:32:04Z">
          <reporter-output>
          </reporter-output>
        </test-method> <!-- tearDown -->
      </class> <!-- com.crm.qa.testcases.LoginPageTest -->
    </test> <!-- Surefire test -->
  </suite> <!-- Surefire suite -->
</testng-results>
